<?xml version="1.0" encoding="UTF-8"?>
<!-- Generated by org.testng.reporters.JUnitReportReporter -->
<testsuite hostname="LAPTOP-45V9BSQP" failures="0" tests="2" name="restAssuredTest.restAssuredtest1" time="3.626" errors="0" timestamp="2024-01-30T17:19:06 IST" skipped="1">
  <testcase classname="restAssuredTest.restAssuredtest1" name="test2" time="3.626"/>
  <testcase classname="restAssuredTest.restAssuredtest1" name="test1">
    <skipped/>
  </testcase> <!-- test1 -->
</testsuite> <!-- restAssuredTest.restAssuredtest1 -->
